0 info it worked if it ends with ok
1 verbose cli [ '/usr/local/bin/node', '/usr/local/bin/npm', 'start' ]
2 info using npm@6.10.2
3 info using node@v12.9.0
4 verbose run-script [ 'prestart', 'start', 'poststart' ]
5 info lifecycle @~prestart: @
6 info lifecycle @~start: @
7 verbose lifecycle @~start: unsafe-perm in lifecycle true
8 verbose lifecycle @~start: PATH: /usr/local/lib/node_modules/npm/node_modules/npm-lifecycle/node-gyp-bin:/Users/bool/Desktop/_projects/_udacity_nanodegree/react-native/UdacityFitness/node_modules/.bin:/usr/bin:/bin:/usr/sbin:/sbin:/usr/local/bin:/Users/bool/PostgreSQL/pg95/bin/:/Users/bool/PostgreSQL/pg95/bin/:/usr/local/bin:/usr/bin:/bin:/usr/sbin:/sbin:/usr/local/go/bin:/usr/local/share/dotnet:~/.dotnet/tools:/Library/Apple/usr/bin:/Library/Frameworks/Mono.framework/Versions/Current/Commands:/usr/local/git/bin:/Users/bool/PostgreSQL/pg95/bin/:/Users/bool/dev/flutter/bin/:/Users/bool/development/flutter/bin/:/usr/local/share/dotnet:/usr/local/bin:/usr/bin:/bin:/usr/sbin:/sbin:/usr/local/go/bin:/usr/local/share/dotnet:~/.dotnet/tools:/Library/Apple/usr/bin:/Library/Frameworks/Mono.framework/Versions/Current/Commands:/usr/local/git/bin:/Users/bool/PostgreSQL/pg95/bin/:/Users/bool/dev/flutter/bin/:/Users/bool/development/flutter/bin/:/Users/bool/dev/flutter/bin/:/usr/local/bin:/usr/bin:/bin:/usr/sbin:/sbin:/usr/local/go/bin:/usr/local/share/dotnet:~/.dotnet/tools:/Library/Apple/usr/bin:/Library/Frameworks/Mono.framework/Versions/Current/Commands:/usr/local/git/bin:/Users/bool/PostgreSQL/pg95/bin/:/Users/bool/dev/flutter/bin/:/Users/bool/development/flutter/bin/:/usr/local/share/dotnet:/Users/bool/PostgreSQL/pg95/bin/:/usr/local/bin:/usr/bin:/bin:/usr/sbin:/sbin:/usr/local/go/bin:/usr/local/share/dotnet:~/.dotnet/tools:/Library/Apple/usr/bin:/Library/Frameworks/Mono.framework/Versions/Current/Commands:/usr/local/git/bin:/Users/bool/PostgreSQL/pg95/bin/:/Users/bool/dev/flutter/bin/:/Users/bool/development/flutter/bin/:/usr/local/share/dotnet:/usr/local/bin:/usr/bin:/bin:/usr/sbin:/sbin:/usr/local/go/bin:/usr/local/share/dotnet:~/.dotnet/tools:/Library/Apple/usr/bin:/Library/Frameworks/Mono.framework/Versions/Current/Commands:/usr/local/git/bin:/Users/bool/PostgreSQL/pg95/bin/:/Users/bool/dev/flutter/bin/:/Users/bool/development/flutter/bin/:/Users/bool/dev/flutter/bin/:/usr/local/bin:/usr/bin:/bin:/usr/sbin:/sbin:/usr/local/go/bin:/usr/local/share/dotnet:~/.dotnet/tools:/Library/Apple/usr/bin:/Library/Frameworks/Mono.framework/Versions/Current/Commands:/usr/local/git/bin:/Users/bool/PostgreSQL/pg95/bin/:/Users/bool/dev/flutter/bin/:/Users/bool/development/flutter/bin/:/Users/bool/development/flutter/bin/:/Users/bool/PostgreSQL/pg95/bin/:/usr/local/bin:/usr/bin:/bin:/usr/sbin:/sbin:/usr/local/go/bin:/usr/local/share/dotnet:~/.dotnet/tools:/Library/Apple/usr/bin:/Library/Frameworks/Mono.framework/Versions/Current/Commands:/usr/local/git/bin:/Users/bool/PostgreSQL/pg95/bin/:/Users/bool/dev/flutter/bin/:/Users/bool/development/flutter/bin/:/usr/local/share/dotnet:/usr/local/bin:/usr/bin:/bin:/usr/sbin:/sbin:/usr/local/go/bin:/usr/local/share/dotnet:~/.dotnet/tools:/Library/Apple/usr/bin:/Library/Frameworks/Mono.framework/Versions/Current/Commands:/usr/local/git/bin:/Users/bool/PostgreSQL/pg95/bin/:/Users/bool/dev/flutter/bin/:/Users/bool/development/flutter/bin/:/Users/bool/dev/flutter/bin/:/usr/local/bin:/usr/bin:/bin:/usr/sbin:/sbin:/usr/local/go/bin:/usr/local/share/dotnet:~/.dotnet/tools:/Library/Apple/usr/bin:/Library/Frameworks/Mono.framework/Versions/Current/Commands:/usr/local/git/bin:/Users/bool/PostgreSQL/pg95/bin/:/Users/bool/dev/flutter/bin/:/Users/bool/development/flutter/bin/
9 verbose lifecycle @~start: CWD: /Users/bool/Desktop/_projects/_udacity_nanodegree/react-native/UdacityFitness
10 silly lifecycle @~start: Args: [ '-c', 'react-native start' ]
11 silly lifecycle @~start: Returned: code: 1  signal: null
12 info lifecycle @~start: Failed to exec start script
13 verbose stack Error: @ start: `react-native start`
13 verbose stack Exit status 1
13 verbose stack     at EventEmitter.<anonymous> (/usr/local/lib/node_modules/npm/node_modules/npm-lifecycle/index.js:326:16)
13 verbose stack     at EventEmitter.emit (events.js:209:13)
13 verbose stack     at ChildProcess.<anonymous> (/usr/local/lib/node_modules/npm/node_modules/npm-lifecycle/lib/spawn.js:55:14)
13 verbose stack     at ChildProcess.emit (events.js:209:13)
13 verbose stack     at maybeClose (internal/child_process.js:1021:16)
13 verbose stack     at Process.ChildProcess._handle.onexit (internal/child_process.js:283:5)
14 verbose pkgid @
15 verbose cwd /Users/bool/Desktop/_projects/_udacity_nanodegree/react-native/UdacityFitness
16 verbose Darwin 19.2.0
17 verbose argv "/usr/local/bin/node" "/usr/local/bin/npm" "start"
18 verbose node v12.9.0
19 verbose npm  v6.10.2
20 error code ELIFECYCLE
21 error errno 1
22 error @ start: `react-native start`
22 error Exit status 1
23 error Failed at the @ start script.
23 error This is probably not a problem with npm. There is likely additional logging output above.
24 verbose exit [ 1, true ]
